<?xml version="1.0" encoding="UTF-8"?>
<!-- Generated by org.testng.reporters.JUnitReportReporter -->
<testsuite hostname="DESKTOP-9MSC69J" failures="0" tests="1" name="TestNGDemo.Sampletest1" time="0.025" errors="0" timestamp="2020-03-26T10:03:23 IST" skipped="0">
  <testcase classname="TestNGDemo.Sampletest1" name="testcase1" time="0.025"/>
  <system-out/>
</testsuite> <!-- TestNGDemo.Sampletest1 -->
