<?xml version="1.0" encoding="UTF-8"?>
<!-- Generated by org.testng.reporters.JUnitReportReporter -->
<testsuite hostname="DESKTOP-9MSC69J" failures="0" tests="3" name="TestNGsampleProject.TestNgPracticeProject.TestNgtestcase1" time="0.019" errors="0" timestamp="2020-04-07T12:59:40 IST" skipped="0">
  <testcase classname="TestNGsampleProject.TestNgPracticeProject.TestNgtestcase1" name="testcase3" time="0.005"/>
  <system-out/>
  <testcase classname="TestNGsampleProject.TestNgPracticeProject.TestNgtestcase1" name="testcase4" time="0.005"/>
  <system-out/>
  <testcase classname="TestNGsampleProject.TestNgPracticeProject.TestNgtestcase1" name="testcase1" time="0.009"/>
  <system-out/>
</testsuite> <!-- TestNGsampleProject.TestNgPracticeProject.TestNgtestcase1 -->
