<?xml version="1.0" encoding="UTF-8"?>
<!-- Generated by org.testng.reporters.JUnitReportReporter -->
<testsuite hostname="DESKTOP-9MSC69J" failures="0" tests="2" name="TestNGsampleProject.TestNgPracticeProject.TestNgTestcases2" time="0.020" errors="0" timestamp="2020-04-07T12:59:40 IST" skipped="0">
  <testcase classname="TestNGsampleProject.TestNgPracticeProject.TestNgTestcases2" name="TestcaseA1" time="0.015"/>
  <system-out/>
  <testcase classname="TestNGsampleProject.TestNgPracticeProject.TestNgTestcases2" name="TestcaseA2" time="0.005"/>
  <system-out/>
</testsuite> <!-- TestNGsampleProject.TestNgPracticeProject.TestNgTestcases2 -->
