<?xml version="1.0" encoding="UTF-8"?>
<!-- Generated by org.testng.reporters.JUnitReportReporter -->
<testsuite hostname="DESKTOP-9MSC69J" failures="0" tests="1" name="restapitest.restApitests" time="5.347" errors="0" timestamp="2020-05-14T16:13:31 IST" skipped="0">
  <testcase classname="restapitest.restApitests" name="restapi1" time="5.347"/>
  <system-out/>
</testsuite> <!-- restapitest.restApitests -->
