<?xml version="1.0" encoding="UTF-8"?>
<!-- Generated by org.testng.reporters.JUnitReportReporter -->
<testsuite hostname="DESKTOP-9MSC69J" failures="0" tests="1" name="restapitest.RestTest" time="5.479" errors="0" timestamp="2020-05-14T14:59:17 IST" skipped="0">
  <testcase classname="restapitest.RestTest" name="validateapi" time="5.479"/>
  <system-out/>
</testsuite> <!-- restapitest.RestTest -->
