<?xml version="1.0" encoding="UTF-8"?>
<!-- Generated by org.testng.reporters.JUnitReportReporter -->
<testsuite hostname="DESKTOP-9MSC69J" failures="0" tests="1" name="restapitest.restapiPostMethod" time="3.574" errors="0" timestamp="2020-05-07T13:16:29 IST" skipped="0">
  <testcase classname="restapitest.restapiPostMethod" name="postMethodtest" time="3.574"/>
  <system-out/>
</testsuite> <!-- restapitest.restapiPostMethod -->
