<?xml version="1.0" encoding="UTF-8"?>
<!-- Generated by org.testng.reporters.JUnitReportReporter -->
<testsuite hostname="DESKTOP-9MSC69J" failures="0" tests="1" name="BDDPracticeProject1.PracticeProject.LoginTest" time="4.426" errors="0" timestamp="2020-05-06T17:40:30 IST" skipped="0">
  <testcase classname="BDDPracticeProject1.PracticeProject.LoginTest" name="navigate" time="4.426"/>
  <system-out/>
</testsuite> <!-- BDDPracticeProject1.PracticeProject.LoginTest -->
