<?xml version="1.0" encoding="UTF-8"?>
<!-- Generated by org.testng.reporters.JUnitReportReporter -->
<testsuite hostname="DESKTOP-9MSC69J" failures="0" tests="2" name="BDDPracticeProject1.PracticeProject.CreateNewAccountTests" time="16.818" errors="0" timestamp="2020-04-05T15:22:35 IST" skipped="0">
  <testcase classname="BDDPracticeProject1.PracticeProject.CreateNewAccountTests" name="createAccount" time="8.125"/>
  <system-out/>
  <testcase classname="BDDPracticeProject1.PracticeProject.CreateNewAccountTests" name="createAccount" time="8.693"/>
  <system-out/>
</testsuite> <!-- BDDPracticeProject1.PracticeProject.CreateNewAccountTests -->
