<?xml version="1.0" encoding="UTF-8"?>
<!-- Generated by org.testng.reporters.JUnitReportReporter -->
<testsuite hostname="DESKTOP-9MSC69J" failures="0" tests="1" name="Test.ProductPageTest" time="24.204" errors="0" timestamp="2020-05-04T10:01:23 IST" skipped="0">
  <testcase classname="Test.ProductPageTest" name="login" time="24.204"/>
</testsuite> <!-- Test.ProductPageTest -->
