<?xml version="1.0" encoding="UTF-8"?>
<!-- Generated by org.testng.reporters.JUnitReportReporter -->
<testsuite hostname="DESKTOP-9MSC69J" failures="0" tests="1" name="Tests.Base" time="0.010" errors="0" timestamp="2020-04-12T15:38:05 IST" skipped="0">
  <testcase classname="Tests.Base" name="sampletest" time="0.010"/>
</testsuite> <!-- Tests.Base -->
