<?xml version="1.0" encoding="UTF-8"?>
<!-- Generated by org.testng.reporters.JUnitReportReporter -->
<testsuite hostname="DESKTOP-9MSC69J" failures="0" tests="1" name="LoginPageTest" time="0.032" errors="0" timestamp="2020-05-16T13:39:35 IST" skipped="0">
  <testcase classname="LoginPageTest" name="login" time="0.032"/>
</testsuite> <!-- LoginPageTest -->
