<?xml version="1.0" encoding="UTF-8"?>
<!-- Generated by org.testng.reporters.JUnitReportReporter -->
<testsuite hostname="DESKTOP-9MSC69J" failures="0" tests="2" name="Tests.CreateCustomersTest" time="16.105" errors="0" timestamp="2020-05-17T18:54:11 IST" skipped="0">
  <testcase classname="Tests.CreateCustomersTest" name="createcustomer" time="5.769"/>
  <testcase classname="Tests.CreateCustomersTest" name="createcustomer" time="10.336"/>
</testsuite> <!-- Tests.CreateCustomersTest -->
