<?xml version="1.0" encoding="UTF-8"?>
<!-- Generated by org.testng.reporters.JUnitReportReporter -->
<testsuite hostname="DESKTOP-9MSC69J" failures="0" tests="1" name="Tests.RediffHomepageTest" time="4.121" errors="0" timestamp="2020-05-06T17:52:29 IST" skipped="0">
  <testcase classname="Tests.RediffHomepageTest" name="navigation" time="4.121"/>
</testsuite> <!-- Tests.RediffHomepageTest -->
