<?xml version="1.0" encoding="UTF-8"?>
<!-- Generated by org.testng.reporters.JUnitReportReporter -->
<testsuite hostname="DESKTOP-9MSC69J" failures="0" tests="1" name="Tests.ExtentReport" time="0.055" errors="0" timestamp="2020-05-05T17:52:41 IST" skipped="0">
  <testcase classname="Tests.ExtentReport" name="test1" time="0.055"/>
</testsuite> <!-- Tests.ExtentReport -->
